#
# There is insufficient memory for the Java Runtime Environment to continue.
# Native memory allocation (mmap) failed to map 199229440 bytes for G1 virtual space
# Possible reasons:
#   The system is out of physical RAM or swap space
#   The process is running with CompressedOops enabled, and the Java Heap may be blocking the growth of the native heap
# Possible solutions:
#   Reduce memory load on the system
#   Increase physical memory or swap space
#   Check if swap backing store is full
#   Decrease Java heap size (-Xmx/-Xms)
#   Decrease number of Java threads
#   Decrease Java thread stack sizes (-Xss)
#   Set larger code cache with -XX:ReservedCodeCacheSize=
#   JVM is running with Zero Based Compressed Oops mode in which the Java heap is
#     placed in the first 32GB address space. The Java Heap base address is the
#     maximum limit for the native heap growth. Please use -XX:HeapBaseMinAddress
#     to set the Java Heap base and to place the Java Heap above 32GB virtual address.
# This output file may be truncated or incomplete.
#
#  Out of Memory Error (os_windows.cpp:3541), pid=19124, tid=14172
#
# JRE version:  (17.0.5+9) (build )
# Java VM: Java HotSpot(TM) 64-Bit Server VM (17.0.5+9-LTS-191, mixed mode, sharing, tiered, compressed oops, compressed class ptrs, g1 gc, windows-amd64)
# No core dump will be written. Minidumps are not enabled by default on client versions of Windows
#

---------------  S U M M A R Y ------------

Command Line: -javaagent:C:\Program Files\JetBrains\IntelliJ IDEA Community Edition 2022.3.2\lib\idea_rt.jar=56367:C:\Program Files\JetBrains\IntelliJ IDEA Community Edition 2022.3.2\bin -Dfile.encoding=UTF-8 com.ethos.empresaapi.EmpresaApiApplication

Host: 11th Gen Intel(R) Core(TM) i3-1115G4 @ 3.00GHz, 4 cores, 11G,  Windows 11 , 64 bit Build 23541 (10.0.23541.1000)
Time: Fri Sep 15 22:52:58 2023 Hora oficial do Brasil elapsed time: 0.049063 seconds (0d 0h 0m 0s)

---------------  T H R E A D  ---------------

Current thread (0x0000015c21860df0):  JavaThread "Unknown thread" [_thread_in_vm, id=14172, stack(0x00000039ddd00000,0x00000039dde00000)]

Stack: [0x00000039ddd00000,0x00000039dde00000]
Native frames: (J=compiled Java code, j=interpreted, Vv=VM code, C=native code)
V  [jvm.dll+0x672eea]
V  [jvm.dll+0x7d2a04]
V  [jvm.dll+0x7d41ae]
V  [jvm.dll+0x7d4813]
V  [jvm.dll+0x242c15]
V  [jvm.dll+0x66fe09]
V  [jvm.dll+0x664682]
V  [jvm.dll+0x300e8b]
V  [jvm.dll+0x308426]
V  [jvm.dll+0x357ffe]
V  [jvm.dll+0x35822f]
V  [jvm.dll+0x2d80a8]
V  [jvm.dll+0x2d9014]
V  [jvm.dll+0x7a44e1]
V  [jvm.dll+0x365df1]
V  [jvm.dll+0x7838fc]
V  [jvm.dll+0x3e873f]
V  [jvm.dll+0x3ea1e1]
C  [jli.dll+0x527b]
C  [ucrtbase.dll+0x29363]
C  [KERNEL32.DLL+0x126ad]
C  [ntdll.dll+0x5aa78]


---------------  P R O C E S S  ---------------

Threads class SMR info:
_java_thread_list=0x00007ffea079a8d8, length=0, elements={
}

Java Threads: ( => current thread )

Other Threads:
  0x0000015c218b6b30 GCTaskThread "GC Thread#0" [stack: 0x00000039dde00000,0x00000039ddf00000] [id=6820]
  0x0000015c1f7be3a0 ConcurrentGCThread "G1 Main Marker" [stack: 0x00000039ddf00000,0x00000039de000000] [id=220]
  0x0000015c1f7bed20 ConcurrentGCThread "G1 Conc#0" [stack: 0x00000039de000000,0x00000039de100000] [id=2924]

[error occurred during error reporting (printing all threads), id 0xc0000005, EXCEPTION_ACCESS_VIOLATION (0xc0000005) at pc=0x00007ffe9ffe8a97]

VM state: not at safepoint (not fully initialized)

VM Mutex/Monitor currently owned by a thread:  ([mutex/lock_event])
[0x0000015c2185cff0] Heap_lock - owner thread: 0x0000015c21860df0

Heap address: 0x0000000743200000, size: 3022 MB, Compressed Oops mode: Zero based, Oop shift amount: 3

CDS archive(s) mapped at: [0x0000000000000000-0x0000000000000000-0x0000000000000000), size 0, SharedBaseAddress: 0x0000000800000000, ArchiveRelocationMode: 0.
Narrow klass base: 0x0000000000000000, Narrow klass shift: 0, Narrow klass range: 0x0

GC Precious Log:
<Empty>

Heap:
 garbage-first heap   total 0K, used 0K [0x0000000743200000, 0x0000000800000000)
  region size 2048K, 0 young (0K), 0 survivors (0K)

[error occurred during error reporting (printing heap information), id 0xc0000005, EXCEPTION_ACCESS_VIOLATION (0xc0000005) at pc=0x00007ffea03cc399]

GC Heap History (0 events):
No events

Deoptimization events (0 events):
No events

Classes unloaded (0 events):
No events

Classes redefined (0 events):
No events

Internal exceptions (0 events):
No events

VM Operations (0 events):
No events

Events (1 events):
Event: 0.040 Loaded shared library C:\Program Files\Java\jdk-17.0.5\bin\java.dll


Dynamic libraries:
0x00007ff6b9980000 - 0x00007ff6b9990000 	C:\Program Files\Java\jdk-17.0.5\bin\java.exe
0x00007fff12a10000 - 0x00007fff12c27000 	C:\WINDOWS\SYSTEM32\ntdll.dll
0x00007fff120d0000 - 0x00007fff12194000 	C:\WINDOWS\System32\KERNEL32.DLL
0x00007fff0fff0000 - 0x00007fff10395000 	C:\WINDOWS\System32\KERNELBASE.dll
0x00007fff0fdb0000 - 0x00007fff0fec1000 	C:\WINDOWS\System32\ucrtbase.dll
0x00007ffee4fa0000 - 0x00007ffee4fb8000 	C:\Program Files\Java\jdk-17.0.5\bin\jli.dll
0x00007fff122a0000 - 0x00007fff12350000 	C:\WINDOWS\System32\ADVAPI32.dll
0x00007fff127a0000 - 0x00007fff12847000 	C:\WINDOWS\System32\msvcrt.dll
0x00007fff123b0000 - 0x00007fff12456000 	C:\WINDOWS\System32\sechost.dll
0x00007fff10790000 - 0x00007fff108a7000 	C:\WINDOWS\System32\RPCRT4.dll
0x00007ffee4050000 - 0x00007ffee406a000 	C:\Program Files\Java\jdk-17.0.5\bin\VCRUNTIME140.dll
0x00007fff116b0000 - 0x00007fff1185e000 	C:\WINDOWS\System32\USER32.dll
0x00007fff103a0000 - 0x00007fff103c6000 	C:\WINDOWS\System32\win32u.dll
0x00007fff120a0000 - 0x00007fff120c9000 	C:\WINDOWS\System32\GDI32.dll
0x00007ffef2d70000 - 0x00007ffef3003000 	C:\WINDOWS\WinSxS\amd64_microsoft.windows.common-controls_6595b64144ccf1df_6.0.23541.1000_none_ed0d265a15cf7ce4\COMCTL32.dll
0x00007fff0fed0000 - 0x00007fff0ffe9000 	C:\WINDOWS\System32\gdi32full.dll
0x00007fff10440000 - 0x00007fff104da000 	C:\WINDOWS\System32\msvcp_win.dll
0x00007fff02020000 - 0x00007fff0202a000 	C:\WINDOWS\SYSTEM32\VERSION.dll
0x00007fff12370000 - 0x00007fff123a1000 	C:\WINDOWS\System32\IMM32.DLL
0x00007ffefafd0000 - 0x00007ffefafdc000 	C:\Program Files\Java\jdk-17.0.5\bin\vcruntime140_1.dll
0x00007ffeda810000 - 0x00007ffeda89d000 	C:\Program Files\Java\jdk-17.0.5\bin\msvcp140.dll
0x00007ffe9fd00000 - 0x00007ffea08c2000 	C:\Program Files\Java\jdk-17.0.5\bin\server\jvm.dll
0x00007fff12350000 - 0x00007fff12358000 	C:\WINDOWS\System32\PSAPI.DLL
0x00007ffef7ea0000 - 0x00007ffef7ea9000 	C:\WINDOWS\SYSTEM32\WSOCK32.dll
0x00007fff11ba0000 - 0x00007fff11c11000 	C:\WINDOWS\System32\WS2_32.dll
0x00007fff07a00000 - 0x00007fff07a34000 	C:\WINDOWS\SYSTEM32\WINMM.dll
0x00007fff0ed40000 - 0x00007fff0ed58000 	C:\WINDOWS\SYSTEM32\kernel.appcore.dll
0x00007ffef7eb0000 - 0x00007ffef7eba000 	C:\Program Files\Java\jdk-17.0.5\bin\jimage.dll
0x00007fff030b0000 - 0x00007fff032de000 	C:\WINDOWS\SYSTEM32\DBGHELP.DLL
0x00007fff112c0000 - 0x00007fff1164a000 	C:\WINDOWS\System32\combase.dll
0x00007fff128e0000 - 0x00007fff129b7000 	C:\WINDOWS\System32\OLEAUT32.dll
0x00007fff02c70000 - 0x00007fff02ca2000 	C:\WINDOWS\SYSTEM32\dbgcore.DLL
0x00007fff10710000 - 0x00007fff1078a000 	C:\WINDOWS\System32\bcryptPrimitives.dll
0x00007fff0ce80000 - 0x00007fff0ce8e000 	C:\Program Files\Java\jdk-17.0.5\bin\instrument.dll
0x00007ffee0b70000 - 0x00007ffee0b95000 	C:\Program Files\Java\jdk-17.0.5\bin\java.dll

dbghelp: loaded successfully - version: 4.0.5 - missing functions: none
symbol engine: initialized successfully - sym options: 0x614 - pdb path: .;C:\Program Files\Java\jdk-17.0.5\bin;C:\WINDOWS\SYSTEM32;C:\WINDOWS\WinSxS\amd64_microsoft.windows.common-controls_6595b64144ccf1df_6.0.23541.1000_none_ed0d265a15cf7ce4;C:\Program Files\Java\jdk-17.0.5\bin\server

VM Arguments:
jvm_args: -javaagent:C:\Program Files\JetBrains\IntelliJ IDEA Community Edition 2022.3.2\lib\idea_rt.jar=56367:C:\Program Files\JetBrains\IntelliJ IDEA Community Edition 2022.3.2\bin -Dfile.encoding=UTF-8 
java_command: com.ethos.empresaapi.EmpresaApiApplication
java_class_path (initial): C:\Users\jeffe\Documents\SpTech\3ºSEM\ethos\empresa-api\target\classes;C:\Users\jeffe\.m2\repository\org\springframework\boot\spring-boot-starter\3.0.6\spring-boot-starter-3.0.6.jar;C:\Users\jeffe\.m2\repository\org\springframework\boot\spring-boot\3.0.6\spring-boot-3.0.6.jar;C:\Users\jeffe\.m2\repository\org\springframework\spring-context\6.0.8\spring-context-6.0.8.jar;C:\Users\jeffe\.m2\repository\org\springframework\boot\spring-boot-autoconfigure\3.0.6\spring-boot-autoconfigure-3.0.6.jar;C:\Users\jeffe\.m2\repository\org\springframework\boot\spring-boot-starter-logging\3.0.6\spring-boot-starter-logging-3.0.6.jar;C:\Users\jeffe\.m2\repository\ch\qos\logback\logback-classic\1.4.7\logback-classic-1.4.7.jar;C:\Users\jeffe\.m2\repository\ch\qos\logback\logback-core\1.4.7\logback-core-1.4.7.jar;C:\Users\jeffe\.m2\repository\org\apache\logging\log4j\log4j-to-slf4j\2.19.0\log4j-to-slf4j-2.19.0.jar;C:\Users\jeffe\.m2\repository\org\apache\logging\log4j\log4j-api\2.19.0\log4j-api-2.19.0.jar;C:\Users\jeffe\.m2\repository\org\slf4j\jul-to-slf4j\2.0.7\jul-to-slf4j-2.0.7.jar;C:\Users\jeffe\.m2\repository\jakarta\annotation\jakarta.annotation-api\2.1.1\jakarta.annotation-api-2.1.1.jar;C:\Users\jeffe\.m2\repository\org\springframework\spring-core\6.0.8\spring-core-6.0.8.jar;C:\Users\jeffe\.m2\repository\org\springframework\spring-jcl\6.0.8\spring-jcl-6.0.8.jar;C:\Users\jeffe\.m2\repository\org\yaml\snakeyaml\1.33\snakeyaml-1.33.jar;C:\Users\jeffe\.m2\repository\org\springframework\boot\spring-boot-starter-validation\3.0.6\spring-boot-starter-validation-3.0.6.jar;C:\Users\jeffe\.m2\repository\org\apache\tomcat\embed\tomcat-embed-el\10.1.8\tomcat-embed-el-10.1.8.jar;C:\Users\jeffe\.m2\repository\org\hibernate\validator\hibernate-validator\8.0.0.Final\hibernate-validator-8.0.0.Final.jar;C:\Users\jeffe\.m2\repository\jakarta\validation\jakarta.validation-api\3.0.2\jakarta.validation-api-3.0.2.jar;C:\Users\jeffe\.m2\repository\org\jboss\logging\jboss-logg
Launcher Type: SUN_STANDARD

[Global flags]
     intx CICompilerCount                          = 3                                         {product} {ergonomic}
     uint ConcGCThreads                            = 1                                         {product} {ergonomic}
     uint G1ConcRefinementThreads                  = 4                                         {product} {ergonomic}
   size_t G1HeapRegionSize                         = 2097152                                   {product} {ergonomic}
    uintx GCDrainStackTargetSize                   = 64                                        {product} {ergonomic}
   size_t InitialHeapSize                          = 199229440                                 {product} {ergonomic}
   size_t MarkStackSize                            = 4194304                                   {product} {ergonomic}
   size_t MaxHeapSize                              = 3168796672                                {product} {ergonomic}
   size_t MinHeapDeltaBytes                        = 2097152                                   {product} {ergonomic}
   size_t MinHeapSize                              = 8388608                                   {product} {ergonomic}
    uintx NonNMethodCodeHeapSize                   = 5832780                                {pd product} {ergonomic}
    uintx NonProfiledCodeHeapSize                  = 122912730                              {pd product} {ergonomic}
    uintx ProfiledCodeHeapSize                     = 122912730                              {pd product} {ergonomic}
    uintx ReservedCodeCacheSize                    = 251658240                              {pd product} {ergonomic}
     bool SegmentedCodeCache                       = true                                      {product} {ergonomic}
   size_t SoftMaxHeapSize                          = 3168796672                             {manageable} {ergonomic}
     bool UseCompressedClassPointers               = true                           {product lp64_product} {ergonomic}
     bool UseCompressedOops                        = true                           {product lp64_product} {ergonomic}
     bool UseG1GC                                  = true                                      {product} {ergonomic}
     bool UseLargePagesIndividualAllocation        = false                                  {pd product} {ergonomic}

Logging:
Log output configuration:
 #0: stdout all=warning uptime,level,tags
 #1: stderr all=off uptime,level,tags

Environment Variables:
JAVA_HOME=C:\Users\jeffe\Documents\devtools\jdk-17
PATH=C:\Program Files\Common Files\Oracle\Java\javapath;C:\Python311\Scripts\;C:\Python311\;C:\Python310\Scripts\;C:\Python310\;C:\Program Files (x86)\Common Files\Oracle\Java\javapath;C:\WINDOWS\system32;C:\WINDOWS;C:\WINDOWS\System32\Wbem;C:\WINDOWS\System32\WindowsPowerShell\v1.0\;C:\WINDOWS\System32\OpenSSH\;C:\Program Files\Microsoft VS Code\bin;C:\Program Files\Git\cmd;C:\ProgramData\chocolatey\bin;C:\Program Files\nodejs\;;C:\Program Files\Docker\Docker\resources\bin;C:\Users\jeffe\AppData\Local\Microsoft\WindowsApps;C:\Users\jeffe\AppData\Roaming\npm;C:\Program Files\JetBrains\IntelliJ IDEA Community Edition 2022.3.1\bin;;C:\Users\jeffe\Documents\devtools\apache-maven-3.9.1-bin\apache-maven-3.9.1\bin;C:\Users\jeffe\Documents\devtools\jdk-17\bin;C:\Program Files\heroku\bin;
USERNAME=jeffe
OS=Windows_NT
PROCESSOR_IDENTIFIER=Intel64 Family 6 Model 140 Stepping 1, GenuineIntel



---------------  S Y S T E M  ---------------

OS:
 Windows 11 , 64 bit Build 23541 (10.0.23541.1000)
OS uptime: 6 days 3:53 hours
Hyper-V role detected

CPU: total 4 (initial active 4) (2 cores per cpu, 2 threads per core) family 6 model 140 stepping 1 microcode 0xa4, cx8, cmov, fxsr, ht, mmx, 3dnowpref, sse, sse2, sse3, ssse3, sse4.1, sse4.2, popcnt, lzcnt, tsc, tscinvbit, avx, avx2, aes, erms, clmul, bmi1, bmi2, adx, avx512f, avx512dq, avx512cd, avx512bw, avx512vl, sha, fma, vzeroupper, avx512_vpopcntdq, avx512_vpclmulqdq, avx512_vaes, avx512_vnni, clflush, clflushopt, clwb, avx512_vbmi2, avx512_vbmi, hv

Memory: 4k page, system-wide physical 12087M (5237M free)
TotalPageFile size 20087M (AvailPageFile size 82M)
current process WorkingSet (physical memory assigned to process): 11M, peak: 11M
current process commit charge ("private bytes"): 51M, peak: 241M

vm_info: Java HotSpot(TM) 64-Bit Server VM (17.0.5+9-LTS-191) for windows-amd64 JRE (17.0.5+9-LTS-191), built on Sep 13 2022 17:31:43 by "mach5one" with MS VC++ 16.8 / 16.9 (VS2019)

END.
