#
# There is insufficient memory for the Java Runtime Environment to continue.
# Native memory allocation (mmap) failed to map 65536 bytes for Failed to commit metaspace.
# Possible reasons:
#   The system is out of physical RAM or swap space
#   The process is running with CompressedOops enabled, and the Java Heap may be blocking the growth of the native heap
# Possible solutions:
#   Reduce memory load on the system
#   Increase physical memory or swap space
#   Check if swap backing store is full
#   Decrease Java heap size (-Xmx/-Xms)
#   Decrease number of Java threads
#   Decrease Java thread stack sizes (-Xss)
#   Set larger code cache with -XX:ReservedCodeCacheSize=
#   JVM is running with Zero Based Compressed Oops mode in which the Java heap is
#     placed in the first 32GB address space. The Java Heap base address is the
#     maximum limit for the native heap growth. Please use -XX:HeapBaseMinAddress
#     to set the Java Heap base and to place the Java Heap above 32GB virtual address.
# This output file may be truncated or incomplete.
#
#  Out of Memory Error (virtualSpaceNode.cpp:110), pid=17304, tid=5076
#
# JRE version: Java(TM) SE Runtime Environment (17.0.5+9) (build 17.0.5+9-LTS-191)
# Java VM: Java HotSpot(TM) 64-Bit Server VM (17.0.5+9-LTS-191, mixed mode, sharing, tiered, compressed oops, compressed class ptrs, g1 gc, windows-amd64)
# No core dump will be written. Minidumps are not enabled by default on client versions of Windows
#

---------------  S U M M A R Y ------------

Command Line: -javaagent:C:\Program Files\JetBrains\IntelliJ IDEA Community Edition 2022.3.2\lib\idea_rt.jar=56934:C:\Program Files\JetBrains\IntelliJ IDEA Community Edition 2022.3.2\bin -Dfile.encoding=UTF-8 com.ethos.empresaapi.EmpresaApiApplication

Host: 11th Gen Intel(R) Core(TM) i3-1115G4 @ 3.00GHz, 4 cores, 11G,  Windows 11 , 64 bit Build 23570 (10.0.23570.1000)
Time: Mon Oct 23 13:59:50 2023 Hora oficial do Brasil elapsed time: 10.219414 seconds (0d 0h 0m 10s)

---------------  T H R E A D  ---------------

Current thread (0x0000020cbf201400):  JavaThread "C1 CompilerThread0" daemon [_thread_in_vm, id=5076, stack(0x0000009b4b400000,0x0000009b4b500000)]


Current CompileTask:
C1:  10219 6163       3       javax.management.ImmutableDescriptor::union (308 bytes)

Stack: [0x0000009b4b400000,0x0000009b4b500000]
Native frames: (J=compiled Java code, j=interpreted, Vv=VM code, C=native code)
V  [jvm.dll+0x672eea]
V  [jvm.dll+0x7d2a04]
V  [jvm.dll+0x7d41ae]
V  [jvm.dll+0x7d4813]
V  [jvm.dll+0x242c15]
V  [jvm.dll+0x7ce9ab]
V  [jvm.dll+0x618bb6]
V  [jvm.dll+0x618c1a]
V  [jvm.dll+0x61b42a]
V  [jvm.dll+0x619556]
V  [jvm.dll+0x62a6ca]
V  [jvm.dll+0x6234da]
V  [jvm.dll+0x1ca240]
V  [jvm.dll+0x1ca42f]
V  [jvm.dll+0x13219e]
V  [jvm.dll+0x1324c6]
V  [jvm.dll+0x13195a]
V  [jvm.dll+0x133621]
V  [jvm.dll+0x22493a]
V  [jvm.dll+0x222aa5]
V  [jvm.dll+0x7885db]
V  [jvm.dll+0x782b4a]
V  [jvm.dll+0x671d75]
C  [ucrtbase.dll+0x29363]
C  [KERNEL32.DLL+0x1257d]
C  [ntdll.dll+0x5aa78]


---------------  P R O C E S S  ---------------

Threads class SMR info:
_java_thread_list=0x0000020cc05f7d40, length=17, elements={
0x0000020c9f46d9d0, 0x0000020cbf1e0870, 0x0000020cbf1e1420, 0x0000020cbf1f2b70,
0x0000020cbf1f4730, 0x0000020cbf1f72f0, 0x0000020cbf1fa960, 0x0000020cbf1fc610,
0x0000020cbf201400, 0x0000020cbf227470, 0x0000020cbfcaf7c0, 0x0000020cbfedbd30,
0x0000020cbfedc200, 0x0000020cc6153040, 0x0000020cc456b310, 0x0000020cc30869d0,
0x0000020cc0a3fd30
}

Java Threads: ( => current thread )
  0x0000020c9f46d9d0 JavaThread "main" [_thread_in_vm, id=15912, stack(0x0000009b4a600000,0x0000009b4a700000)]
  0x0000020cbf1e0870 JavaThread "Reference Handler" daemon [_thread_blocked, id=15284, stack(0x0000009b4ad00000,0x0000009b4ae00000)]
  0x0000020cbf1e1420 JavaThread "Finalizer" daemon [_thread_blocked, id=12948, stack(0x0000009b4ae00000,0x0000009b4af00000)]
  0x0000020cbf1f2b70 JavaThread "Signal Dispatcher" daemon [_thread_blocked, id=5540, stack(0x0000009b4af00000,0x0000009b4b000000)]
  0x0000020cbf1f4730 JavaThread "Attach Listener" daemon [_thread_blocked, id=2224, stack(0x0000009b4b000000,0x0000009b4b100000)]
  0x0000020cbf1f72f0 JavaThread "Service Thread" daemon [_thread_blocked, id=5908, stack(0x0000009b4b100000,0x0000009b4b200000)]
  0x0000020cbf1fa960 JavaThread "Monitor Deflation Thread" daemon [_thread_blocked, id=5648, stack(0x0000009b4b200000,0x0000009b4b300000)]
  0x0000020cbf1fc610 JavaThread "C2 CompilerThread0" daemon [_thread_blocked, id=13284, stack(0x0000009b4b300000,0x0000009b4b400000)]
=>0x0000020cbf201400 JavaThread "C1 CompilerThread0" daemon [_thread_in_vm, id=5076, stack(0x0000009b4b400000,0x0000009b4b500000)]
  0x0000020cbf227470 JavaThread "Sweeper thread" daemon [_thread_blocked, id=15780, stack(0x0000009b4b500000,0x0000009b4b600000)]
  0x0000020cbfcaf7c0 JavaThread "Common-Cleaner" daemon [_thread_blocked, id=12396, stack(0x0000009b4b600000,0x0000009b4b700000)]
  0x0000020cbfedbd30 JavaThread "Monitor Ctrl-Break" daemon [_thread_in_native, id=10332, stack(0x0000009b4b800000,0x0000009b4b900000)]
  0x0000020cbfedc200 JavaThread "Notification Thread" daemon [_thread_blocked, id=6116, stack(0x0000009b4b900000,0x0000009b4ba00000)]
  0x0000020cc6153040 JavaThread "HikariPool-1 housekeeper" daemon [_thread_blocked, id=14100, stack(0x0000009b4bf00000,0x0000009b4c000000)]
  0x0000020cc456b310 JavaThread "HikariPool-1 connection adder" daemon [_thread_blocked, id=9884, stack(0x0000009b4c000000,0x0000009b4c100000)]
  0x0000020cc30869d0 JavaThread "spring.cloud.inetutils" daemon [_thread_blocked, id=12808, stack(0x0000009b4c100000,0x0000009b4c200000)]
  0x0000020cc0a3fd30 JavaThread "C2 CompilerThread1" daemon [_thread_in_native, id=16040, stack(0x0000009b4b700000,0x0000009b4b800000)]

Other Threads:
  0x0000020cbf1da630 VMThread "VM Thread" [stack: 0x0000009b4ac00000,0x0000009b4ad00000] [id=4668]
  0x0000020cbfffed20 WatcherThread [stack: 0x0000009b4ba00000,0x0000009b4bb00000] [id=4464]
  0x0000020c9f4c7800 GCTaskThread "GC Thread#0" [stack: 0x0000009b4a700000,0x0000009b4a800000] [id=16808]
  0x0000020cc02a64b0 GCTaskThread "GC Thread#1" [stack: 0x0000009b4bb00000,0x0000009b4bc00000] [id=16704]
  0x0000020cc029f110 GCTaskThread "GC Thread#2" [stack: 0x0000009b4bc00000,0x0000009b4bd00000] [id=14264]
  0x0000020cc029f3c0 GCTaskThread "GC Thread#3" [stack: 0x0000009b4bd00000,0x0000009b4be00000] [id=5448]
  0x0000020c9f4d4410 ConcurrentGCThread "G1 Main Marker" [stack: 0x0000009b4a800000,0x0000009b4a900000] [id=11380]
  0x0000020c9f4d4e20 ConcurrentGCThread "G1 Conc#0" [stack: 0x0000009b4a900000,0x0000009b4aa00000] [id=7860]
  0x0000020cbf0b20c0 ConcurrentGCThread "G1 Refine#0" [stack: 0x0000009b4aa00000,0x0000009b4ab00000] [id=12064]
  0x0000020cbf0b28f0 ConcurrentGCThread "G1 Service" [stack: 0x0000009b4ab00000,0x0000009b4ac00000] [id=14072]

Threads with active compile tasks:
C1 CompilerThread0    10252 6163       3       javax.management.ImmutableDescriptor::union (308 bytes)
C2 CompilerThread1    10252 6008       4       org.springframework.core.annotation.AnnotatedElementUtils::getMergedAnnotationAttributes (22 bytes)

VM state: not at safepoint (normal execution)

VM Mutex/Monitor currently owned by a thread:  ([mutex/lock_event])
[0x0000020c9f4688b0] Metaspace_lock - owner thread: 0x0000020cbf201400
[0x0000020c9f469960] MethodData_lock - owner thread: 0x0000020cbf201400

Heap address: 0x0000000743200000, size: 3022 MB, Compressed Oops mode: Zero based, Oop shift amount: 3

CDS archive(s) mapped at: [0x0000000800000000-0x0000000800bd0000-0x0000000800bd0000), size 12386304, SharedBaseAddress: 0x0000000800000000, ArchiveRelocationMode: 0.
Compressed class space mapped at: 0x0000000800c00000-0x0000000840c00000, reserved size: 1073741824
Narrow klass base: 0x0000000800000000, Narrow klass shift: 0, Narrow klass range: 0x100000000

GC Precious Log:
 CPUs: 4 total, 4 available
 Memory: 12087M
 Large Page Support: Disabled
 NUMA Support: Disabled
 Compressed Oops: Enabled (Zero based)
 Heap Region Size: 2M
 Heap Min Capacity: 8M
 Heap Initial Capacity: 190M
 Heap Max Capacity: 3022M
 Pre-touch: Disabled
 Parallel Workers: 4
 Concurrent Workers: 1
 Concurrent Refinement Workers: 4
 Periodic GC: Disabled

Heap:
 garbage-first heap   total 73728K, used 52195K [0x0000000743200000, 0x0000000800000000)
  region size 2048K, 13 young (26624K), 1 survivors (2048K)
 Metaspace       used 63216K, committed 63680K, reserved 1105920K
  class space    used 8987K, committed 9216K, reserved 1048576K

Heap Regions: E=young(eden), S=young(survivor), O=old, HS=humongous(starts), HC=humongous(continues), CS=collection set, F=free, OA=open archive, CA=closed archive, TAMS=top-at-mark-start (previous, next)
|   0|0x0000000743200000, 0x0000000743400000, 0x0000000743400000|100%| O|  |TAMS 0x0000000743400000, 0x0000000743200000| Untracked 
|   1|0x0000000743400000, 0x0000000743600000, 0x0000000743600000|100%| O|  |TAMS 0x0000000743600000, 0x0000000743400000| Untracked 
|   2|0x0000000743600000, 0x00000007437fdc00, 0x0000000743800000| 99%| O|  |TAMS 0x00000007437fdc00, 0x0000000743600000| Untracked 
|   3|0x0000000743800000, 0x0000000743a00000, 0x0000000743a00000|100%| O|  |TAMS 0x0000000743a00000, 0x0000000743800000| Untracked 
|   4|0x0000000743a00000, 0x0000000743c00000, 0x0000000743c00000|100%| O|  |TAMS 0x0000000743c00000, 0x0000000743a00000| Untracked 
|   5|0x0000000743c00000, 0x0000000743e00000, 0x0000000743e00000|100%| O|  |TAMS 0x0000000743e00000, 0x0000000743c00000| Untracked 
|   6|0x0000000743e00000, 0x0000000744000000, 0x0000000744000000|100%| O|  |TAMS 0x0000000744000000, 0x0000000743e00000| Untracked 
|   7|0x0000000744000000, 0x0000000744200000, 0x0000000744200000|100%| O|  |TAMS 0x0000000744083600, 0x0000000744000000| Untracked 
|   8|0x0000000744200000, 0x0000000744400000, 0x0000000744400000|100%| O|  |TAMS 0x0000000744200000, 0x0000000744200000| Untracked 
|   9|0x0000000744400000, 0x0000000744600000, 0x0000000744600000|100%| O|  |TAMS 0x0000000744600000, 0x0000000744400000| Untracked 
|  10|0x0000000744600000, 0x0000000744800000, 0x0000000744800000|100%| O|  |TAMS 0x0000000744800000, 0x0000000744600000| Untracked 
|  11|0x0000000744800000, 0x0000000744a00000, 0x0000000744a00000|100%| O|  |TAMS 0x0000000744a00000, 0x0000000744800000| Untracked 
|  12|0x0000000744a00000, 0x0000000744c00000, 0x0000000744c00000|100%| O|  |TAMS 0x0000000744c00000, 0x0000000744a00000| Untracked 
|  13|0x0000000744c00000, 0x0000000744e00000, 0x0000000744e00000|100%| O|  |TAMS 0x0000000744c00000, 0x0000000744c00000| Untracked 
|  14|0x0000000744e00000, 0x0000000744e00000, 0x0000000745000000|  0%| F|  |TAMS 0x0000000744e00000, 0x0000000744e00000| Untracked 
|  15|0x0000000745000000, 0x0000000745000000, 0x0000000745200000|  0%| F|  |TAMS 0x0000000745000000, 0x0000000745000000| Untracked 
|  16|0x0000000745200000, 0x0000000745200000, 0x0000000745400000|  0%| F|  |TAMS 0x0000000745200000, 0x0000000745200000| Untracked 
|  17|0x0000000745400000, 0x0000000745400000, 0x0000000745600000|  0%| F|  |TAMS 0x0000000745400000, 0x0000000745400000| Untracked 
|  18|0x0000000745600000, 0x0000000745600000, 0x0000000745800000|  0%| F|  |TAMS 0x0000000745600000, 0x0000000745600000| Untracked 
|  19|0x0000000745800000, 0x0000000745800000, 0x0000000745a00000|  0%| F|  |TAMS 0x0000000745800000, 0x0000000745800000| Untracked 
|  20|0x0000000745a00000, 0x0000000745a00000, 0x0000000745c00000|  0%| F|  |TAMS 0x0000000745a00000, 0x0000000745a00000| Untracked 
|  21|0x0000000745c00000, 0x0000000745c00000, 0x0000000745e00000|  0%| F|  |TAMS 0x0000000745c00000, 0x0000000745c00000| Untracked 
|  22|0x0000000745e00000, 0x0000000745e00000, 0x0000000746000000|  0%| F|  |TAMS 0x0000000745e00000, 0x0000000745e00000| Untracked 
|  23|0x0000000746000000, 0x0000000746200000, 0x0000000746200000|100%| E|  |TAMS 0x0000000746000000, 0x0000000746000000| Complete 
|  24|0x0000000746200000, 0x0000000746400000, 0x0000000746400000|100%| E|CS|TAMS 0x0000000746200000, 0x0000000746200000| Complete 
|  25|0x0000000746400000, 0x0000000746600000, 0x0000000746600000|100%| E|CS|TAMS 0x0000000746400000, 0x0000000746400000| Complete 
|  26|0x0000000746600000, 0x0000000746800000, 0x0000000746800000|100%| E|CS|TAMS 0x0000000746600000, 0x0000000746600000| Complete 
|  27|0x0000000746800000, 0x0000000746a00000, 0x0000000746a00000|100%| E|CS|TAMS 0x0000000746800000, 0x0000000746800000| Complete 
|  28|0x0000000746a00000, 0x0000000746c00000, 0x0000000746c00000|100%| E|CS|TAMS 0x0000000746a00000, 0x0000000746a00000| Complete 
|  29|0x0000000746c00000, 0x0000000746e00000, 0x0000000746e00000|100%| E|CS|TAMS 0x0000000746c00000, 0x0000000746c00000| Complete 
|  53|0x0000000749c00000, 0x0000000749e00000, 0x0000000749e00000|100%| E|CS|TAMS 0x0000000749c00000, 0x0000000749c00000| Complete 
|  54|0x0000000749e00000, 0x000000074a000000, 0x000000074a000000|100%| E|CS|TAMS 0x0000000749e00000, 0x0000000749e00000| Complete 
|  55|0x000000074a000000, 0x000000074a200000, 0x000000074a200000|100%| E|CS|TAMS 0x000000074a000000, 0x000000074a000000| Complete 
|  56|0x000000074a200000, 0x000000074a2fb360, 0x000000074a400000| 49%| S|CS|TAMS 0x000000074a200000, 0x000000074a200000| Complete 
|  57|0x000000074a400000, 0x000000074a600000, 0x000000074a600000|100%| E|CS|TAMS 0x000000074a400000, 0x000000074a400000| Complete 
|  94|0x000000074ee00000, 0x000000074f000000, 0x000000074f000000|100%| E|CS|TAMS 0x000000074ee00000, 0x000000074ee00000| Complete 

Card table byte_map: [0x0000020cb62c0000,0x0000020cb68b0000] _byte_map_base: 0x0000020cb28a7000

Marking Bits (Prev, Next): (CMBitMap*) 0x0000020c9f4c7e50, (CMBitMap*) 0x0000020c9f4c7e10
 Prev Bits: [0x0000020cb9de0000, 0x0000020cbcd18000)
 Next Bits: [0x0000020cb6ea0000, 0x0000020cb9dd8000)

Polling page: 0x0000020c9ec30000

Metaspace:

Usage:
  Non-class:     52.96 MB used.
      Class:      8.78 MB used.
       Both:     61.74 MB used.

Virtual space:
  Non-class space:       56.00 MB reserved,      53.19 MB ( 95%) committed,  7 nodes.
      Class space:        1.00 GB reserved,       9.00 MB ( <1%) committed,  1 nodes.
             Both:        1.05 GB reserved,      62.19 MB (  6%) committed. 

Chunk freelists:
   Non-Class:  2.78 MB
       Class:  3.01 MB
        Both:  5.79 MB

MaxMetaspaceSize: unlimited
CompressedClassSpaceSize: 1.00 GB
Initial GC threshold: 21.00 MB
Current GC threshold: 98.25 MB
CDS: on
MetaspaceReclaimPolicy: balanced
 - commit_granule_bytes: 65536.
 - commit_granule_words: 8192.
 - virtual_space_node_default_size: 1048576.
 - enlarge_chunks_in_place: 1.
 - new_chunks_are_fully_committed: 0.
 - uncommit_free_chunks: 1.
 - use_allocation_guard: 0.
 - handle_deallocations: 1.


Internal statistics:

num_allocs_failed_limit: 9.
num_arena_births: 618.
num_arena_deaths: 0.
num_vsnodes_births: 8.
num_vsnodes_deaths: 0.
num_space_committed: 995.
num_space_uncommitted: 0.
num_chunks_returned_to_freelist: 9.
num_chunks_taken_from_freelist: 2901.
num_chunk_merges: 9.
num_chunk_splits: 2098.
num_chunks_enlarged: 1671.
num_purges: 0.
num_inconsistent_stats: 0.

CodeHeap 'non-profiled nmethods': size=120000Kb used=4106Kb max_used=4106Kb free=115893Kb
 bounds [0x0000020cae7a0000, 0x0000020caebb0000, 0x0000020cb5cd0000]
CodeHeap 'profiled nmethods': size=120000Kb used=10529Kb max_used=10529Kb free=109470Kb
 bounds [0x0000020ca7270000, 0x0000020ca7cc0000, 0x0000020cae7a0000]
CodeHeap 'non-nmethods': size=5760Kb used=1322Kb max_used=1379Kb free=4438Kb
 bounds [0x0000020ca6cd0000, 0x0000020ca6f40000, 0x0000020ca7270000]
 total_blobs=6093 nmethods=5456 adapters=549
 compilation: enabled
              stopped_count=0, restarted_count=0
 full_count=0

Compilation events (20 events):
Event: 10.159 Thread 0x0000020cbf1fc610 nmethod 6149 0x0000020caeba1690 code [0x0000020caeba1840, 0x0000020caeba1d78]
Event: 10.159 Thread 0x0000020cbf1fc610 6146       4       java.lang.StringLatin1::compareToCI (108 bytes)
Event: 10.166 Thread 0x0000020cbf1fc610 nmethod 6146 0x0000020caeba2090 code [0x0000020caeba2240, 0x0000020caeba27b8]
Event: 10.205 Thread 0x0000020cbf201400 6155       3       java.lang.Character::isUpperCase (9 bytes)
Event: 10.205 Thread 0x0000020cbf201400 nmethod 6155 0x0000020ca7cb5290 code [0x0000020ca7cb5440, 0x0000020ca7cb5638]
Event: 10.205 Thread 0x0000020cbf201400 6156       3       java.util.IdentityHashMap::containsKey (55 bytes)
Event: 10.205 Thread 0x0000020cbf201400 nmethod 6156 0x0000020ca7cb5710 code [0x0000020ca7cb58e0, 0x0000020ca7cb5d48]
Event: 10.206 Thread 0x0000020cbf201400 6157       3       java.util.Arrays::binarySearch0 (95 bytes)
Event: 10.206 Thread 0x0000020cbf201400 nmethod 6157 0x0000020ca7cb5f90 code [0x0000020ca7cb6160, 0x0000020ca7cb6598]
Event: 10.208 Thread 0x0000020cbf201400 6158  s!   3       com.sun.jmx.mbeanserver.DefaultMXBeanMappingFactory::mappingForType (110 bytes)
Event: 10.209 Thread 0x0000020cbf201400 nmethod 6158 0x0000020ca7cb6710 code [0x0000020ca7cb6a20, 0x0000020ca7cb7d68]
Event: 10.209 Thread 0x0000020cbf201400 6160       3       java.util.Arrays::binarySearch (10 bytes)
Event: 10.209 Thread 0x0000020cbf201400 nmethod 6160 0x0000020ca7cb8490 code [0x0000020ca7cb8620, 0x0000020ca7cb8748]
Event: 10.209 Thread 0x0000020cbf201400 6159  s    3       com.sun.jmx.mbeanserver.DefaultMXBeanMappingFactory::getMapping (27 bytes)
Event: 10.209 Thread 0x0000020cbf201400 nmethod 6159 0x0000020ca7cb8810 code [0x0000020ca7cb89e0, 0x0000020ca7cb8f68]
Event: 10.209 Thread 0x0000020cbf201400 6161       3       com.sun.jmx.mbeanserver.MXBeanIntrospector::originalTypeString (20 bytes)
Event: 10.210 Thread 0x0000020cbf201400 nmethod 6161 0x0000020ca7cb9090 code [0x0000020ca7cb9260, 0x0000020ca7cb96b8]
Event: 10.210 Thread 0x0000020cbf201400 6162       3       javax.management.StandardMBean::getDescription (11 bytes)
Event: 10.210 Thread 0x0000020cbf201400 nmethod 6162 0x0000020ca7cb9810 code [0x0000020ca7cb99c0, 0x0000020ca7cb9bd8]
Event: 10.216 Thread 0x0000020cbf201400 6163       3       javax.management.ImmutableDescriptor::union (308 bytes)

GC Heap History (20 events):
Event: 3.680 GC heap before
{Heap before GC invocations=5 (full 0):
 garbage-first heap   total 61440K, used 45494K [0x0000000743200000, 0x0000000800000000)
  region size 2048K, 21 young (43008K), 5 survivors (10240K)
 Metaspace       used 25960K, committed 26368K, reserved 1073152K
  class space    used 3380K, committed 3584K, reserved 1048576K
}
Event: 3.690 GC heap after
{Heap after GC invocations=6 (full 0):
 garbage-first heap   total 61440K, used 17002K [0x0000000743200000, 0x0000000800000000)
  region size 2048K, 5 young (10240K), 5 survivors (10240K)
 Metaspace       used 25960K, committed 26368K, reserved 1073152K
  class space    used 3380K, committed 3584K, reserved 1048576K
}
Event: 4.391 GC heap before
{Heap before GC invocations=6 (full 0):
 garbage-first heap   total 61440K, used 37482K [0x0000000743200000, 0x0000000800000000)
  region size 2048K, 16 young (32768K), 5 survivors (10240K)
 Metaspace       used 29218K, committed 29568K, reserved 1081344K
  class space    used 3877K, committed 4032K, reserved 1048576K
}
Event: 4.405 GC heap after
{Heap after GC invocations=7 (full 0):
 garbage-first heap   total 61440K, used 19463K [0x0000000743200000, 0x0000000800000000)
  region size 2048K, 2 young (4096K), 2 survivors (4096K)
 Metaspace       used 29218K, committed 29568K, reserved 1081344K
  class space    used 3877K, committed 4032K, reserved 1048576K
}
Event: 5.039 GC heap before
{Heap before GC invocations=7 (full 0):
 garbage-first heap   total 61440K, used 41991K [0x0000000743200000, 0x0000000800000000)
  region size 2048K, 13 young (26624K), 2 survivors (4096K)
 Metaspace       used 33077K, committed 33408K, reserved 1081344K
  class space    used 4441K, committed 4608K, reserved 1048576K
}
Event: 5.047 GC heap after
{Heap after GC invocations=8 (full 0):
 garbage-first heap   total 61440K, used 20408K [0x0000000743200000, 0x0000000800000000)
  region size 2048K, 1 young (2048K), 1 survivors (2048K)
 Metaspace       used 33077K, committed 33408K, reserved 1081344K
  class space    used 4441K, committed 4608K, reserved 1048576K
}
Event: 5.319 GC heap before
{Heap before GC invocations=8 (full 0):
 garbage-first heap   total 61440K, used 30648K [0x0000000743200000, 0x0000000800000000)
  region size 2048K, 7 young (14336K), 1 survivors (2048K)
 Metaspace       used 35603K, committed 35968K, reserved 1081344K
  class space    used 4709K, committed 4864K, reserved 1048576K
}
Event: 5.324 GC heap after
{Heap after GC invocations=9 (full 0):
 garbage-first heap   total 61440K, used 20847K [0x0000000743200000, 0x0000000800000000)
  region size 2048K, 2 young (4096K), 2 survivors (4096K)
 Metaspace       used 35603K, committed 35968K, reserved 1081344K
  class space    used 4709K, committed 4864K, reserved 1048576K
}
Event: 5.909 GC heap before
{Heap before GC invocations=10 (full 0):
 garbage-first heap   total 61440K, used 43375K [0x0000000743200000, 0x0000000800000000)
  region size 2048K, 14 young (28672K), 2 survivors (4096K)
 Metaspace       used 40325K, committed 40704K, reserved 1089536K
  class space    used 5481K, committed 5632K, reserved 1048576K
}
Event: 5.915 GC heap after
{Heap after GC invocations=11 (full 0):
 garbage-first heap   total 61440K, used 22535K [0x0000000743200000, 0x0000000800000000)
  region size 2048K, 2 young (4096K), 2 survivors (4096K)
 Metaspace       used 40325K, committed 40704K, reserved 1089536K
  class space    used 5481K, committed 5632K, reserved 1048576K
}
Event: 6.449 GC heap before
{Heap before GC invocations=11 (full 0):
 garbage-first heap   total 61440K, used 45063K [0x0000000743200000, 0x0000000800000000)
  region size 2048K, 13 young (26624K), 2 survivors (4096K)
 Metaspace       used 46261K, committed 46720K, reserved 1089536K
  class space    used 6337K, committed 6528K, reserved 1048576K
}
Event: 6.455 GC heap after
{Heap after GC invocations=12 (full 0):
 garbage-first heap   total 61440K, used 23284K [0x0000000743200000, 0x0000000800000000)
  region size 2048K, 2 young (4096K), 2 survivors (4096K)
 Metaspace       used 46261K, committed 46720K, reserved 1089536K
  class space    used 6337K, committed 6528K, reserved 1048576K
}
Event: 6.962 GC heap before
{Heap before GC invocations=12 (full 0):
 garbage-first heap   total 61440K, used 45812K [0x0000000743200000, 0x0000000800000000)
  region size 2048K, 13 young (26624K), 2 survivors (4096K)
 Metaspace       used 50738K, committed 51136K, reserved 1097728K
  class space    used 7117K, committed 7296K, reserved 1048576K
}
Event: 6.968 GC heap after
{Heap after GC invocations=13 (full 0):
 garbage-first heap   total 73728K, used 24187K [0x0000000743200000, 0x0000000800000000)
  region size 2048K, 1 young (2048K), 1 survivors (2048K)
 Metaspace       used 50738K, committed 51136K, reserved 1097728K
  class space    used 7117K, committed 7296K, reserved 1048576K
}
Event: 7.556 GC heap before
{Heap before GC invocations=13 (full 0):
 garbage-first heap   total 73728K, used 56955K [0x0000000743200000, 0x0000000800000000)
  region size 2048K, 17 young (34816K), 1 survivors (2048K)
 Metaspace       used 54047K, committed 54528K, reserved 1097728K
  class space    used 7557K, committed 7808K, reserved 1048576K
}
Event: 7.563 GC heap after
{Heap after GC invocations=14 (full 0):
 garbage-first heap   total 73728K, used 26216K [0x0000000743200000, 0x0000000800000000)
  region size 2048K, 2 young (4096K), 2 survivors (4096K)
 Metaspace       used 54047K, committed 54528K, reserved 1097728K
  class space    used 7557K, committed 7808K, reserved 1048576K
}
Event: 8.523 GC heap before
{Heap before GC invocations=14 (full 0):
 garbage-first heap   total 73728K, used 54888K [0x0000000743200000, 0x0000000800000000)
  region size 2048K, 17 young (34816K), 2 survivors (4096K)
 Metaspace       used 59149K, committed 59712K, reserved 1105920K
  class space    used 8375K, committed 8640K, reserved 1048576K
}
Event: 8.533 GC heap after
{Heap after GC invocations=15 (full 0):
 garbage-first heap   total 73728K, used 29165K [0x0000000743200000, 0x0000000800000000)
  region size 2048K, 3 young (6144K), 3 survivors (6144K)
 Metaspace       used 59149K, committed 59712K, reserved 1105920K
  class space    used 8375K, committed 8640K, reserved 1048576K
}
Event: 8.619 GC heap before
{Heap before GC invocations=15 (full 0):
 garbage-first heap   total 73728K, used 31213K [0x0000000743200000, 0x0000000800000000)
  region size 2048K, 5 young (10240K), 3 survivors (6144K)
 Metaspace       used 59665K, committed 60160K, reserved 1105920K
  class space    used 8453K, committed 8704K, reserved 1048576K
}
Event: 8.627 GC heap after
{Heap after GC invocations=16 (full 0):
 garbage-first heap   total 73728K, used 29667K [0x0000000743200000, 0x0000000800000000)
  region size 2048K, 1 young (2048K), 1 survivors (2048K)
 Metaspace       used 59665K, committed 60160K, reserved 1105920K
  class space    used 8453K, committed 8704K, reserved 1048576K
}

Deoptimization events (20 events):
Event: 9.237 Thread 0x0000020c9f46d9d0 Uncommon trap: trap_request=0xffffff45 fr.pc=0x0000020caeb3361c relative=0x0000000000000c3c
Event: 9.237 Thread 0x0000020c9f46d9d0 Uncommon trap: reason=unstable_if action=reinterpret pc=0x0000020caeb3361c method=sun.reflect.annotation.AnnotationInvocationHandler.invoke(Ljava/lang/Object;Ljava/lang/reflect/Method;[Ljava/lang/Object;)Ljava/lang/Object; @ 76 c2
Event: 9.237 Thread 0x0000020c9f46d9d0 DEOPT PACKING pc=0x0000020caeb3361c sp=0x0000009b4a6fa510
Event: 9.237 Thread 0x0000020c9f46d9d0 DEOPT UNPACKING pc=0x0000020ca6d25ba3 sp=0x0000009b4a6fa4e0 mode 2
Event: 9.721 Thread 0x0000020c9f46d9d0 DEOPT PACKING pc=0x0000020ca799fc50 sp=0x0000009b4a6fdd40
Event: 9.721 Thread 0x0000020c9f46d9d0 DEOPT UNPACKING pc=0x0000020ca6d266e3 sp=0x0000009b4a6fd2e0 mode 0
Event: 9.755 Thread 0x0000020c9f46d9d0 Uncommon trap: trap_request=0xffffff45 fr.pc=0x0000020caeb42378 relative=0x0000000000001118
Event: 9.755 Thread 0x0000020c9f46d9d0 Uncommon trap: reason=unstable_if action=reinterpret pc=0x0000020caeb42378 method=org.springframework.core.annotation.AnnotationsScanner.processClassInheritedAnnotations(Ljava/lang/Object;Ljava/lang/Class;Lorg/springframework/core/annotation/MergedAnnotat
Event: 9.755 Thread 0x0000020c9f46d9d0 DEOPT PACKING pc=0x0000020caeb42378 sp=0x0000009b4a6fea20
Event: 9.755 Thread 0x0000020c9f46d9d0 DEOPT UNPACKING pc=0x0000020ca6d25ba3 sp=0x0000009b4a6fe838 mode 2
Event: 9.850 Thread 0x0000020c9f46d9d0 DEOPT PACKING pc=0x0000020ca7483623 sp=0x0000009b4a6fcf80
Event: 9.850 Thread 0x0000020c9f46d9d0 DEOPT UNPACKING pc=0x0000020ca6d266e3 sp=0x0000009b4a6fc3f0 mode 0
Event: 10.065 Thread 0x0000020c9f46d9d0 Uncommon trap: trap_request=0xffffff45 fr.pc=0x0000020cae9092c0 relative=0x00000000000001e0
Event: 10.065 Thread 0x0000020c9f46d9d0 Uncommon trap: reason=unstable_if action=reinterpret pc=0x0000020cae9092c0 method=java.util.HashMap.putVal(ILjava/lang/Object;Ljava/lang/Object;ZZ)Ljava/lang/Object; @ 162 c2
Event: 10.065 Thread 0x0000020c9f46d9d0 DEOPT PACKING pc=0x0000020cae9092c0 sp=0x0000009b4a6fbb20
Event: 10.065 Thread 0x0000020c9f46d9d0 DEOPT UNPACKING pc=0x0000020ca6d25ba3 sp=0x0000009b4a6fbab0 mode 2
Event: 10.148 Thread 0x0000020c9f46d9d0 Uncommon trap: trap_request=0xfffffff4 fr.pc=0x0000020caea7240c relative=0x0000000000000a4c
Event: 10.148 Thread 0x0000020c9f46d9d0 Uncommon trap: reason=null_check action=make_not_entrant pc=0x0000020caea7240c method=java.util.AbstractCollection.toArray([Ljava/lang/Object;)[Ljava/lang/Object; @ 116 c2
Event: 10.148 Thread 0x0000020c9f46d9d0 DEOPT PACKING pc=0x0000020caea7240c sp=0x0000009b4a6fc430
Event: 10.148 Thread 0x0000020c9f46d9d0 DEOPT UNPACKING pc=0x0000020ca6d25ba3 sp=0x0000009b4a6fc400 mode 2

Classes unloaded (0 events):
No events

Classes redefined (0 events):
No events

Internal exceptions (20 events):
Event: 8.083 Thread 0x0000020c9f46d9d0 Exception <a 'java/lang/reflect/InvocationTargetException'{0x00000007464c65d8}> (0x00000007464c65d8) 
thrown [s\open\src\hotspot\share\runtime\reflection.cpp, line 1121]
Event: 8.088 Thread 0x0000020c9f46d9d0 Exception <a 'java/lang/reflect/InvocationTargetException'{0x00000007464d8740}> (0x00000007464d8740) 
thrown [s\open\src\hotspot\share\runtime\reflection.cpp, line 1121]
Event: 8.135 Thread 0x0000020c9f46d9d0 Exception <a 'java/lang/NoSuchMethodError'{0x00000007462722f0}: 'java.lang.Object java.lang.invoke.DirectMethodHandle$Holder.invokeInterface(java.lang.Object, java.lang.Object, java.lang.Object, java.lang.Object)'> (0x00000007462722f0) 
thrown [s\open\src\hotspot\share\interpreter\linkResolver.cpp, line 759]
Event: 8.522 Thread 0x0000020c9f46d9d0 Exception <a 'java/lang/NoSuchMethodError'{0x0000000745df0118}: 'void java.lang.invoke.DirectMethodHandle$Holder.invokeVirtual(java.lang.Object, java.lang.Object, int)'> (0x0000000745df0118) 
thrown [s\open\src\hotspot\share\interpreter\linkResolver.cpp, line 759]
Event: 8.537 Thread 0x0000020c9f46d9d0 Exception <a 'java/lang/NoSuchMethodError'{0x000000074ee90210}: 'void java.lang.invoke.DirectMethodHandle$Holder.invokeVirtual(java.lang.Object, java.lang.Object, long)'> (0x000000074ee90210) 
thrown [s\open\src\hotspot\share\interpreter\linkResolver.cpp, line 759]
Event: 8.603 Thread 0x0000020c9f46d9d0 Exception <a 'sun/nio/fs/WindowsException'{0x000000074a53cdc8}> (0x000000074a53cdc8) 
thrown [s\open\src\hotspot\share\prims\jni.cpp, line 516]
Event: 8.603 Thread 0x0000020c9f46d9d0 Exception <a 'sun/nio/fs/WindowsException'{0x000000074a53d0f8}> (0x000000074a53d0f8) 
thrown [s\open\src\hotspot\share\prims\jni.cpp, line 516]
Event: 8.725 Thread 0x0000020c9f46d9d0 Exception <a 'java/lang/IncompatibleClassChangeError'{0x000000074a47a468}: Found class java.lang.Object, but interface was expected> (0x000000074a47a468) 
thrown [s\open\src\hotspot\share\interpreter\linkResolver.cpp, line 826]
Event: 8.898 Thread 0x0000020c9f46d9d0 Exception <a 'java/lang/NoSuchMethodError'{0x000000074a1c7520}: 'java.lang.Object java.lang.invoke.DirectMethodHandle$Holder.newInvokeSpecial(java.lang.Object, java.lang.Object, java.lang.Object, java.lang.Object, java.lang.Object, java.lang.Object, java.lang.Object, java.lang.Object, java.lang.Object)'> (0x000000074a1c7520) 
thrown [s\open\src\hotspot\share\interpreter\linkResolver.cpp, line 759]
Event: 8.898 Thread 0x0000020c9f46d9d0 Exception <a 'java/lang/NoSuchMethodError'{0x000000074a1cc218}: 'java.lang.Object java.lang.invoke.Invokers$Holder.linkToTargetMethod(java.lang.Object, java.lang.Object, java.lang.Object, java.lang.Object, java.lang.Object, java.lang.Object, java.lang.Object, java.lang.Object, java.lang.Object)'> (0x000000074a1cc218) 
thrown [s\open\src\hotspot\share\interpreter\linkResolver.cpp, line 759]
Event: 9.181 Thread 0x0000020c9f46d9d0 Exception <a 'java/lang/NoSuchMethodError'{0x0000000746d42770}: 'long java.lang.invoke.DirectMethodHandle$Holder.invokeVirtual(java.lang.Object, java.lang.Object)'> (0x0000000746d42770) 
thrown [s\open\src\hotspot\share\interpreter\linkResolver.cpp, line 759]
Event: 9.187 Thread 0x0000020c9f46d9d0 Exception <a 'java/lang/NoSuchMethodError'{0x0000000746d81958}: 'double java.lang.invoke.DirectMethodHandle$Holder.invokeStatic(java.lang.Object, java.lang.Object)'> (0x0000000746d81958) 
thrown [s\open\src\hotspot\share\interpreter\linkResolver.cpp, line 759]
Event: 9.782 Thread 0x0000020c9f46d9d0 Exception <a 'java/lang/NoSuchMethodError'{0x0000000746591710}: 'void java.lang.invoke.DirectMethodHandle$Holder.invokeStatic(java.lang.Object, java.lang.Object, double)'> (0x0000000746591710) 
thrown [s\open\src\hotspot\share\interpreter\linkResolver.cpp, line 759]
Event: 9.823 Thread 0x0000020c9f46d9d0 Exception <a 'java/lang/NoSuchMethodError'{0x00000007465e9bd8}: 'double java.lang.invoke.DirectMethodHandle$Holder.invokeStatic(java.lang.Object, java.lang.Object, java.lang.Object)'> (0x00000007465e9bd8) 
thrown [s\open\src\hotspot\share\interpreter\linkResolver.cpp, line 759]
Event: 9.911 Thread 0x0000020c9f46d9d0 Exception <a 'java/lang/IncompatibleClassChangeError'{0x00000007462dcdb8}: Found class java.lang.Object, but interface was expected> (0x00000007462dcdb8) 
thrown [s\open\src\hotspot\share\interpreter\linkResolver.cpp, line 826]
Event: 9.913 Thread 0x0000020c9f46d9d0 Exception <a 'java/lang/NoSuchMethodError'{0x00000007462e8ae8}: 'java.lang.Object java.lang.invoke.DirectMethodHandle$Holder.invokeSpecial(java.lang.Object, java.lang.Object, int, java.lang.Object, int, java.lang.Object)'> (0x00000007462e8ae8) 
thrown [s\open\src\hotspot\share\interpreter\linkResolver.cpp, line 759]
Event: 9.914 Thread 0x0000020c9f46d9d0 Exception <a 'java/lang/NoSuchMethodError'{0x00000007462f08f0}: 'java.lang.Object java.lang.invoke.DirectMethodHandle$Holder.newInvokeSpecial(java.lang.Object, java.lang.Object, int, java.lang.Object, int)'> (0x00000007462f08f0) 
thrown [s\open\src\hotspot\share\interpreter\linkResolver.cpp, line 759]
Event: 9.953 Thread 0x0000020c9f46d9d0 Exception <a 'java/lang/NoSuchMethodError'{0x00000007462f49f0}: 'java.lang.Object java.lang.invoke.DirectMethodHandle$Holder.invokeSpecial(java.lang.Object, java.lang.Object, java.lang.Object, int, java.lang.Object, int)'> (0x00000007462f49f0) 
thrown [s\open\src\hotspot\share\interpreter\linkResolver.cpp, line 759]
Event: 10.105 Thread 0x0000020c9f46d9d0 Exception <a 'java/lang/IncompatibleClassChangeError'{0x00000007460bd130}: Found class java.lang.Object, but interface was expected> (0x00000007460bd130) 
thrown [s\open\src\hotspot\share\interpreter\linkResolver.cpp, line 826]
Event: 10.148 Thread 0x0000020c9f46d9d0 Implicit null exception at 0x0000020caea71c13 to 0x0000020caea723ec

VM Operations (20 events):
Event: 8.666 Executing VM operation: G1Concurrent
Event: 8.671 Executing VM operation: G1Concurrent done
Event: 8.691 Executing VM operation: G1Concurrent
Event: 8.691 Executing VM operation: G1Concurrent done
Event: 8.701 Executing VM operation: HandshakeAllThreads
Event: 8.701 Executing VM operation: HandshakeAllThreads done
Event: 8.702 Executing VM operation: HandshakeAllThreads
Event: 8.702 Executing VM operation: HandshakeAllThreads done
Event: 9.060 Executing VM operation: HandshakeAllThreads
Event: 9.060 Executing VM operation: HandshakeAllThreads done
Event: 9.241 Executing VM operation: ICBufferFull
Event: 9.241 Executing VM operation: ICBufferFull done
Event: 9.834 Executing VM operation: HandshakeAllThreads
Event: 9.834 Executing VM operation: HandshakeAllThreads done
Event: 9.958 Executing VM operation: HandshakeAllThreads
Event: 9.958 Executing VM operation: HandshakeAllThreads done
Event: 9.958 Executing VM operation: HandshakeAllThreads
Event: 9.958 Executing VM operation: HandshakeAllThreads done
Event: 9.966 Executing VM operation: ICBufferFull
Event: 9.967 Executing VM operation: ICBufferFull done

Events (20 events):
Event: 10.208 loading class com/sun/management/HotSpotDiagnosticMXBean done
Event: 10.208 loading class com/sun/management/internal/HotSpotDiagnostic done
Event: 10.208 loading class com/sun/management/VMOption
Event: 10.208 loading class com/sun/management/VMOption done
Event: 10.208 loading class com/sun/management/VMOption$Origin
Event: 10.208 loading class com/sun/management/VMOption$Origin done
Event: 10.210 loading class jdk/management/jfr/SettingDescriptorInfo
Event: 10.210 loading class jdk/management/jfr/SettingDescriptorInfo done
Event: 10.210 loading class jdk/management/jfr/SettingDescriptorInfo$1
Event: 10.210 loading class jdk/management/jfr/SettingDescriptorInfo$1 done
Event: 10.210 loading class jdk/management/jfr/FlightRecorderMXBeanImpl
Event: 10.212 loading class jdk/management/jfr/FlightRecorderMXBeanImpl done
Event: 10.214 loading class javax/management/AttributeChangeNotification
Event: 10.214 loading class javax/management/AttributeChangeNotification done
Event: 10.215 loading class jdk/management/jfr/ConfigurationInfo
Event: 10.215 loading class jdk/management/jfr/ConfigurationInfo done
Event: 10.215 loading class jdk/management/jfr/RecordingInfo
Event: 10.215 loading class jdk/management/jfr/RecordingInfo done
Event: 10.215 loading class jdk/management/jfr/EventTypeInfo
Event: 10.216 loading class jdk/management/jfr/EventTypeInfo done


Dynamic libraries:
0x00007ff61f260000 - 0x00007ff61f270000 	C:\Program Files\Java\jdk-17.0.5\bin\java.exe
0x00007fffb3e50000 - 0x00007fffb4067000 	C:\WINDOWS\SYSTEM32\ntdll.dll
0x00007fffb2270000 - 0x00007fffb2334000 	C:\WINDOWS\System32\KERNEL32.DLL
0x00007fffb16f0000 - 0x00007fffb1a95000 	C:\WINDOWS\System32\KERNELBASE.dll
0x00007fffb11d0000 - 0x00007fffb12e1000 	C:\WINDOWS\System32\ucrtbase.dll
0x00007fff98f60000 - 0x00007fff98f78000 	C:\Program Files\Java\jdk-17.0.5\bin\jli.dll
0x00007fffb1e50000 - 0x00007fffb1f00000 	C:\WINDOWS\System32\ADVAPI32.dll
0x00007fffb2080000 - 0x00007fffb2127000 	C:\WINDOWS\System32\msvcrt.dll
0x00007fff97fa0000 - 0x00007fff97fba000 	C:\Program Files\Java\jdk-17.0.5\bin\VCRUNTIME140.dll
0x00007fffb1f10000 - 0x00007fffb1fb6000 	C:\WINDOWS\System32\sechost.dll
0x00007fffb3bd0000 - 0x00007fffb3ce7000 	C:\WINDOWS\System32\RPCRT4.dll
0x00007fffb28e0000 - 0x00007fffb2a8e000 	C:\WINDOWS\System32\USER32.dll
0x00007fffb1640000 - 0x00007fffb1666000 	C:\WINDOWS\System32\win32u.dll
0x00007fffb2360000 - 0x00007fffb2389000 	C:\WINDOWS\System32\GDI32.dll
0x00007fff9aff0000 - 0x00007fff9b283000 	C:\WINDOWS\WinSxS\amd64_microsoft.windows.common-controls_6595b64144ccf1df_6.0.23570.1000_none_ec17f990fda47c48\COMCTL32.dll
0x00007fffb1520000 - 0x00007fffb1638000 	C:\WINDOWS\System32\gdi32full.dll
0x00007fffb1aa0000 - 0x00007fffb1b3a000 	C:\WINDOWS\System32\msvcp_win.dll
0x00007fffa55d0000 - 0x00007fffa55da000 	C:\WINDOWS\SYSTEM32\VERSION.dll
0x00007fffb2040000 - 0x00007fffb2071000 	C:\WINDOWS\System32\IMM32.DLL
0x00007fff9a270000 - 0x00007fff9a27c000 	C:\Program Files\Java\jdk-17.0.5\bin\vcruntime140_1.dll
0x00007fff89400000 - 0x00007fff8948d000 	C:\Program Files\Java\jdk-17.0.5\bin\msvcp140.dll
0x00007fff33560000 - 0x00007fff34122000 	C:\Program Files\Java\jdk-17.0.5\bin\server\jvm.dll
0x00007fffb1f00000 - 0x00007fffb1f08000 	C:\WINDOWS\System32\PSAPI.DLL
0x00007fffa31a0000 - 0x00007fffa31a9000 	C:\WINDOWS\SYSTEM32\WSOCK32.dll
0x00007fffb3130000 - 0x00007fffb31a1000 	C:\WINDOWS\System32\WS2_32.dll
0x00007fffa68c0000 - 0x00007fffa68f4000 	C:\WINDOWS\SYSTEM32\WINMM.dll
0x00007fffb01f0000 - 0x00007fffb0208000 	C:\WINDOWS\SYSTEM32\kernel.appcore.dll
0x00007fff98210000 - 0x00007fff9821a000 	C:\Program Files\Java\jdk-17.0.5\bin\jimage.dll
0x00007fffae330000 - 0x00007fffae55e000 	C:\WINDOWS\SYSTEM32\DBGHELP.DLL
0x00007fffb2550000 - 0x00007fffb28da000 	C:\WINDOWS\System32\combase.dll
0x00007fffb2130000 - 0x00007fffb2207000 	C:\WINDOWS\System32\OLEAUT32.dll
0x00007fff93760000 - 0x00007fff93792000 	C:\WINDOWS\SYSTEM32\dbgcore.DLL
0x00007fffb1670000 - 0x00007fffb16ea000 	C:\WINDOWS\System32\bcryptPrimitives.dll
0x00007fff98ef0000 - 0x00007fff98efe000 	C:\Program Files\Java\jdk-17.0.5\bin\instrument.dll
0x00007fff979e0000 - 0x00007fff97a05000 	C:\Program Files\Java\jdk-17.0.5\bin\java.dll
0x00007fff892b0000 - 0x00007fff89386000 	C:\Program Files\Java\jdk-17.0.5\bin\jsvml.dll
0x00007fffb3370000 - 0x00007fffb3bc6000 	C:\WINDOWS\System32\SHELL32.dll
0x00007fffaf0e0000 - 0x00007fffaf9f0000 	C:\WINDOWS\SYSTEM32\windows.storage.dll
0x00007fffaefa0000 - 0x00007fffaf0de000 	C:\WINDOWS\SYSTEM32\wintypes.dll
0x00007fffb3d00000 - 0x00007fffb3df3000 	C:\WINDOWS\System32\SHCORE.dll
0x00007fffb2210000 - 0x00007fffb226e000 	C:\WINDOWS\System32\shlwapi.dll
0x00007fffb1100000 - 0x00007fffb1126000 	C:\WINDOWS\SYSTEM32\profapi.dll
0x00007fff912f0000 - 0x00007fff91308000 	C:\Program Files\Java\jdk-17.0.5\bin\zip.dll
0x00007fff979c0000 - 0x00007fff979d9000 	C:\Program Files\Java\jdk-17.0.5\bin\net.dll
0x00007fffa8e30000 - 0x00007fffa8f67000 	C:\WINDOWS\SYSTEM32\WINHTTP.dll
0x00007fffb0690000 - 0x00007fffb06f9000 	C:\WINDOWS\system32\mswsock.dll
0x00007fff92450000 - 0x00007fff92466000 	C:\Program Files\Java\jdk-17.0.5\bin\nio.dll
0x00007fff98ed0000 - 0x00007fff98eea000 	C:\Program Files\JetBrains\IntelliJ IDEA Community Edition 2022.3.2\bin\breakgen64.dll
0x00007fffafc60000 - 0x00007fffafc8d000 	C:\WINDOWS\SYSTEM32\IPHLPAPI.DLL
0x00007fffb1c00000 - 0x00007fffb1c09000 	C:\WINDOWS\System32\NSI.dll
0x00007fffa8f70000 - 0x00007fffa8f89000 	C:\WINDOWS\SYSTEM32\dhcpcsvc6.DLL
0x00007fffa8e10000 - 0x00007fffa8e2f000 	C:\WINDOWS\SYSTEM32\dhcpcsvc.DLL
0x00007fffafc90000 - 0x00007fffafd82000 	C:\WINDOWS\SYSTEM32\DNSAPI.dll
0x00007fff8b1f0000 - 0x00007fff8b20f000 	C:\Windows\System32\wlidnsp.dll
0x00007fffa5320000 - 0x00007fffa532a000 	C:\Windows\System32\rasadhlp.dll
0x00007fffa5490000 - 0x00007fffa5514000 	C:\WINDOWS\System32\fwpuclnt.dll
0x00007fff917a0000 - 0x00007fff917b0000 	C:\Program Files\Java\jdk-17.0.5\bin\verify.dll
0x00007fffb0950000 - 0x00007fffb096b000 	C:\WINDOWS\SYSTEM32\CRYPTSP.dll
0x00007fffb0150000 - 0x00007fffb0185000 	C:\WINDOWS\system32\rsaenh.dll
0x00007fffb07f0000 - 0x00007fffb081c000 	C:\WINDOWS\SYSTEM32\USERENV.dll
0x00007fffb0b20000 - 0x00007fffb0b48000 	C:\WINDOWS\SYSTEM32\bcrypt.dll
0x00007fffb0a60000 - 0x00007fffb0a6c000 	C:\WINDOWS\SYSTEM32\CRYPTBASE.dll
0x00007fff98ec0000 - 0x00007fff98ec9000 	C:\Program Files\Java\jdk-17.0.5\bin\management.dll
0x00007fff98eb0000 - 0x00007fff98ebb000 	C:\Program Files\Java\jdk-17.0.5\bin\management_ext.dll
0x00007fff98e90000 - 0x00007fff98e9e000 	C:\Program Files\Java\jdk-17.0.5\bin\sunmscapi.dll
0x00007fffb13b0000 - 0x00007fffb1516000 	C:\WINDOWS\System32\CRYPT32.dll
0x00007fffb0ae0000 - 0x00007fffb0b0e000 	C:\WINDOWS\SYSTEM32\ncrypt.dll
0x00007fffb0aa0000 - 0x00007fffb0ad7000 	C:\WINDOWS\SYSTEM32\NTASN1.dll
0x00007fff82d90000 - 0x00007fff82d98000 	C:\WINDOWS\system32\wshunix.dll

dbghelp: loaded successfully - version: 4.0.5 - missing functions: none
symbol engine: initialized successfully - sym options: 0x614 - pdb path: .;C:\Program Files\Java\jdk-17.0.5\bin;C:\WINDOWS\SYSTEM32;C:\WINDOWS\WinSxS\amd64_microsoft.windows.common-controls_6595b64144ccf1df_6.0.23570.1000_none_ec17f990fda47c48;C:\Program Files\Java\jdk-17.0.5\bin\server;C:\Program Files\JetBrains\IntelliJ IDEA Community Edition 2022.3.2\bin

VM Arguments:
jvm_args: -javaagent:C:\Program Files\JetBrains\IntelliJ IDEA Community Edition 2022.3.2\lib\idea_rt.jar=56934:C:\Program Files\JetBrains\IntelliJ IDEA Community Edition 2022.3.2\bin -Dfile.encoding=UTF-8 
java_command: com.ethos.empresaapi.EmpresaApiApplication
java_class_path (initial): C:\Users\jeffe\Documents\SpTech\3ºSEM\ethos\empresa-api\target\classes;C:\Users\jeffe\.m2\repository\org\springframework\boot\spring-boot-starter\3.0.6\spring-boot-starter-3.0.6.jar;C:\Users\jeffe\.m2\repository\org\springframework\boot\spring-boot\3.0.6\spring-boot-3.0.6.jar;C:\Users\jeffe\.m2\repository\org\springframework\spring-context\6.0.8\spring-context-6.0.8.jar;C:\Users\jeffe\.m2\repository\org\springframework\boot\spring-boot-autoconfigure\3.0.6\spring-boot-autoconfigure-3.0.6.jar;C:\Users\jeffe\.m2\repository\org\springframework\boot\spring-boot-starter-logging\3.0.6\spring-boot-starter-logging-3.0.6.jar;C:\Users\jeffe\.m2\repository\ch\qos\logback\logback-classic\1.4.7\logback-classic-1.4.7.jar;C:\Users\jeffe\.m2\repository\ch\qos\logback\logback-core\1.4.7\logback-core-1.4.7.jar;C:\Users\jeffe\.m2\repository\org\apache\logging\log4j\log4j-to-slf4j\2.19.0\log4j-to-slf4j-2.19.0.jar;C:\Users\jeffe\.m2\repository\org\apache\logging\log4j\log4j-api\2.19.0\log4j-api-2.19.0.jar;C:\Users\jeffe\.m2\repository\org\slf4j\jul-to-slf4j\2.0.7\jul-to-slf4j-2.0.7.jar;C:\Users\jeffe\.m2\repository\jakarta\annotation\jakarta.annotation-api\2.1.1\jakarta.annotation-api-2.1.1.jar;C:\Users\jeffe\.m2\repository\org\springframework\spring-core\6.0.8\spring-core-6.0.8.jar;C:\Users\jeffe\.m2\repository\org\springframework\spring-jcl\6.0.8\spring-jcl-6.0.8.jar;C:\Users\jeffe\.m2\repository\org\yaml\snakeyaml\1.33\snakeyaml-1.33.jar;C:\Users\jeffe\.m2\repository\org\springframework\boot\spring-boot-starter-validation\3.0.6\spring-boot-starter-validation-3.0.6.jar;C:\Users\jeffe\.m2\repository\org\apache\tomcat\embed\tomcat-embed-el\10.1.8\tomcat-embed-el-10.1.8.jar;C:\Users\jeffe\.m2\repository\org\hibernate\validator\hibernate-validator\8.0.0.Final\hibernate-validator-8.0.0.Final.jar;C:\Users\jeffe\.m2\repository\jakarta\validation\jakarta.validation-api\3.0.2\jakarta.validation-api-3.0.2.jar;C:\Users\jeffe\.m2\repository\org\jboss\logging\jboss-logg
Launcher Type: SUN_STANDARD

[Global flags]
     intx CICompilerCount                          = 3                                         {product} {ergonomic}
     uint ConcGCThreads                            = 1                                         {product} {ergonomic}
     uint G1ConcRefinementThreads                  = 4                                         {product} {ergonomic}
   size_t G1HeapRegionSize                         = 2097152                                   {product} {ergonomic}
    uintx GCDrainStackTargetSize                   = 64                                        {product} {ergonomic}
   size_t InitialHeapSize                          = 199229440                                 {product} {ergonomic}
   size_t MarkStackSize                            = 4194304                                   {product} {ergonomic}
   size_t MaxHeapSize                              = 3168796672                                {product} {ergonomic}
   size_t MaxNewSize                               = 1900019712                                {product} {ergonomic}
   size_t MinHeapDeltaBytes                        = 2097152                                   {product} {ergonomic}
   size_t MinHeapSize                              = 8388608                                   {product} {ergonomic}
    uintx NonNMethodCodeHeapSize                   = 5832780                                {pd product} {ergonomic}
    uintx NonProfiledCodeHeapSize                  = 122912730                              {pd product} {ergonomic}
    uintx ProfiledCodeHeapSize                     = 122912730                              {pd product} {ergonomic}
    uintx ReservedCodeCacheSize                    = 251658240                              {pd product} {ergonomic}
     bool SegmentedCodeCache                       = true                                      {product} {ergonomic}
   size_t SoftMaxHeapSize                          = 3168796672                             {manageable} {ergonomic}
     bool UseCompressedClassPointers               = true                           {product lp64_product} {ergonomic}
     bool UseCompressedOops                        = true                           {product lp64_product} {ergonomic}
     bool UseG1GC                                  = true                                      {product} {ergonomic}
     bool UseLargePagesIndividualAllocation        = false                                  {pd product} {ergonomic}

Logging:
Log output configuration:
 #0: stdout all=warning uptime,level,tags
 #1: stderr all=off uptime,level,tags

Environment Variables:
JAVA_HOME=C:\Users\jeffe\Documents\devtools\jdk-17
PATH=C:\Program Files\Common Files\Oracle\Java\javapath;C:\Python311\Scripts\;C:\Python311\;C:\Python310\Scripts\;C:\Python310\;C:\Program Files (x86)\Common Files\Oracle\Java\javapath;C:\WINDOWS\system32;C:\WINDOWS;C:\WINDOWS\System32\Wbem;C:\WINDOWS\System32\WindowsPowerShell\v1.0\;C:\WINDOWS\System32\OpenSSH\;C:\Program Files\Microsoft VS Code\bin;C:\Program Files\Git\cmd;C:\ProgramData\chocolatey\bin;C:\Program Files\nodejs\;;C:\Program Files\Docker\Docker\resources\bin;C:\Program Files\dotnet\;C:\Users\jeffe\AppData\Local\Microsoft\WindowsApps;C:\Users\jeffe\AppData\Roaming\npm;C:\Program Files\JetBrains\IntelliJ IDEA Community Edition 2022.3.1\bin;;C:\Users\jeffe\Documents\devtools\apache-maven-3.9.1-bin\apache-maven-3.9.1\bin;C:\Users\jeffe\Documents\devtools\jdk-17\bin;C:\Program Files\heroku\bin;
USERNAME=jeffe
OS=Windows_NT
PROCESSOR_IDENTIFIER=Intel64 Family 6 Model 140 Stepping 1, GenuineIntel



---------------  S Y S T E M  ---------------

OS:
 Windows 11 , 64 bit Build 23570 (10.0.23570.1000)
OS uptime: 0 days 1:50 hours
Hyper-V role detected

CPU: total 4 (initial active 4) (2 cores per cpu, 2 threads per core) family 6 model 140 stepping 1 microcode 0xa4, cx8, cmov, fxsr, ht, mmx, 3dnowpref, sse, sse2, sse3, ssse3, sse4.1, sse4.2, popcnt, lzcnt, tsc, tscinvbit, avx, avx2, aes, erms, clmul, bmi1, bmi2, adx, avx512f, avx512dq, avx512cd, avx512bw, avx512vl, sha, fma, vzeroupper, avx512_vpopcntdq, avx512_vpclmulqdq, avx512_vaes, avx512_vnni, clflush, clflushopt, clwb, avx512_vbmi2, avx512_vbmi, hv

Memory: 4k page, system-wide physical 12087M (4781M free)
TotalPageFile size 20087M (AvailPageFile size 4M)
current process WorkingSet (physical memory assigned to process): 284M, peak: 289M
current process commit charge ("private bytes"): 313M, peak: 349M

vm_info: Java HotSpot(TM) 64-Bit Server VM (17.0.5+9-LTS-191) for windows-amd64 JRE (17.0.5+9-LTS-191), built on Sep 13 2022 17:31:43 by "mach5one" with MS VC++ 16.8 / 16.9 (VS2019)

END.
